{"ts":"2025-10-30T06:11:19.631734964Z","level":"info","msg":"Начало сканирования: базовый URL=https://vbank.open.bankingapi.ru/, пресет=fast"}
{"ts":"2025-10-30T06:11:23.031976437Z","level":"info","msg":"Старт сканера: CORS"}
{"ts":"2025-10-30T06:11:23.040315610Z","level":"info","msg":"Старт сканера: WeakAuth"}
{"ts":"2025-10-30T06:11:23.049388460Z","level":"info","msg":"Старт сканера: SecurityHeaders"}
{"ts":"2025-10-30T06:11:23.273196884Z","level":"info","msg":"Старт сканера: IDOR"}
{"ts":"2025-10-30T06:11:23.314868145Z","level":"info","msg":"Завершён сканер: SecurityHeaders, длительность=279 мс"}
{"ts":"2025-10-30T06:11:23.318719248Z","level":"info","msg":"Старт сканера: Injection"}
{"ts":"2025-10-30T06:11:23.331216356Z","level":"info","msg":"Старт сканера: ExcessiveData"}
{"ts":"2025-10-30T06:11:24.158296719Z","level":"info","msg":"Завершён сканер: CORS, длительность=1126 мс"}
{"ts":"2025-10-30T06:11:24.162309539Z","level":"info","msg":"Старт сканера: RateLimit"}
{"ts":"2025-10-30T06:11:24.167625596Z","level":"info","msg":"Старт сканера: MassAssignment"}
{"ts":"2025-10-30T06:11:24.277604406Z","level":"info","msg":"Завершён сканер: WeakAuth, длительность=1244 мс"}
{"ts":"2025-10-30T06:11:24.283484522Z","level":"info","msg":"Старт сканера: VerboseErrors"}
{"ts":"2025-10-30T06:11:24.426227661Z","level":"info","msg":"Завершён сканер: MassAssignment, длительность=258 мс"}
{"ts":"2025-10-30T06:11:24.435582240Z","level":"info","msg":"Старт сканера: BFLA"}
{"ts":"2025-10-30T06:11:24.851691991Z","level":"info","msg":"Завершён сканер: RateLimit, длительность=689 мс"}
{"ts":"2025-10-30T06:11:24.867887786Z","level":"info","msg":"Старт сканера: HPP"}
{"ts":"2025-10-30T06:11:26.074644586Z","level":"info","msg":"Завершён сканер: BFLA, длительность=1639 мс"}
{"ts":"2025-10-30T06:11:26.077864323Z","level":"info","msg":"Старт сканера: RateLimit"}
{"ts":"2025-10-30T06:11:30.228340233Z","level":"info","msg":"Завершён сканер: HPP, длительность=5360 мс"}
{"ts":"2025-10-30T06:11:30.231877060Z","level":"info","msg":"Старт сканера: MethodOverride"}
{"ts":"2025-10-30T06:11:33.278740286Z","level":"info","msg":"Завершён сканер: ExcessiveData, длительность=9950 мс"}
{"ts":"2025-10-30T06:11:33.607214715Z","level":"info","msg":"Завершён сканер: RateLimit, длительность=7531 мс"}
{"ts":"2025-10-30T06:11:33.648924486Z","level":"info","msg":"Завершён сканер: VerboseErrors, длительность=9367 мс"}
{"ts":"2025-10-30T06:11:38.701522765Z","level":"info","msg":"Завершён сканер: MethodOverride, длительность=8472 мс"}
{"ts":"2025-10-30T06:11:41.615160165Z","level":"info","msg":"Завершён сканер: Injection, длительность=18298 мс"}
{"ts":"2025-10-30T06:12:19.987905840Z","level":"error","msg":"Ошибка сканера IDOR","error":"java.lang.InterruptedException"}
{"ts":"2025-10-30T06:12:19.992329484Z","level":"info","msg":"Завершён сканер: IDOR, длительность=56724 мс"}
{"ts":"2025-10-30T06:12:22.160501512Z","level":"info","msg":"Сканирование завершено. Эндпоинтов: 65, запросов: 65, длительность: 60370 мс"}
