{"ts":"2025-10-30T05:51:55.383891570Z","level":"info","msg":"Начало сканирования: базовый URL=https://vbank.open.bankingapi.ru/, пресет=fast"}
{"ts":"2025-10-30T05:51:58.703175784Z","level":"info","msg":"Старт сканера: CORS"}
{"ts":"2025-10-30T05:51:58.720334794Z","level":"info","msg":"Старт сканера: WeakAuth"}
{"ts":"2025-10-30T05:51:58.733252779Z","level":"info","msg":"Старт сканера: SecurityHeaders"}
{"ts":"2025-10-30T05:51:58.784578706Z","level":"info","msg":"Старт сканера: IDOR"}
{"ts":"2025-10-30T05:51:58.813401464Z","level":"info","msg":"Старт сканера: Injection"}
{"ts":"2025-10-30T05:51:58.900367953Z","level":"info","msg":"Завершён сканер: SecurityHeaders, длительность=183 мс"}
{"ts":"2025-10-30T05:51:58.903813355Z","level":"info","msg":"Старт сканера: ExcessiveData"}
{"ts":"2025-10-30T05:51:59.284453585Z","level":"info","msg":"Завершён сканер: CORS, длительность=581 мс"}
{"ts":"2025-10-30T05:51:59.287535876Z","level":"info","msg":"Старт сканера: RateLimit"}
{"ts":"2025-10-30T05:51:59.684328986Z","level":"info","msg":"Старт сканера: MassAssignment"}
{"ts":"2025-10-30T05:51:59.854218443Z","level":"info","msg":"Завершён сканер: WeakAuth, длительность=1139 мс"}
{"ts":"2025-10-30T05:51:59.858338066Z","level":"info","msg":"Старт сканера: VerboseErrors"}
{"ts":"2025-10-30T05:51:59.987069497Z","level":"info","msg":"Завершён сканер: MassAssignment, длительность=302 мс"}
{"ts":"2025-10-30T05:51:59.990365095Z","level":"info","msg":"Старт сканера: BFLA"}
{"ts":"2025-10-30T05:52:00.027620604Z","level":"info","msg":"Завершён сканер: RateLimit, длительность=740 мс"}
{"ts":"2025-10-30T05:52:00.031122308Z","level":"info","msg":"Старт сканера: HPP"}
{"ts":"2025-10-30T05:52:01.182575380Z","level":"info","msg":"Завершён сканер: BFLA, длительность=1192 мс"}
{"ts":"2025-10-30T05:52:01.191458044Z","level":"info","msg":"Старт сканера: RateLimit"}
{"ts":"2025-10-30T05:52:05.481698780Z","level":"info","msg":"Завершён сканер: HPP, длительность=5454 мс"}
{"ts":"2025-10-30T05:52:05.484290859Z","level":"info","msg":"Старт сканера: MethodOverride"}
{"ts":"2025-10-30T05:52:08.902771136Z","level":"info","msg":"Завершён сканер: RateLimit, длительность=7714 мс"}
{"ts":"2025-10-30T05:52:08.950243933Z","level":"info","msg":"Завершён сканер: ExcessiveData, длительность=10050 мс"}
{"ts":"2025-10-30T05:52:09.206273518Z","level":"info","msg":"Завершён сканер: VerboseErrors, длительность=9351 мс"}
{"ts":"2025-10-30T05:52:14.213991493Z","level":"info","msg":"Завершён сканер: MethodOverride, длительность=8729 мс"}
{"ts":"2025-10-30T05:52:16.845610587Z","level":"info","msg":"Завершён сканер: IDOR, длительность=18064 мс"}
{"ts":"2025-10-30T05:52:16.960051872Z","level":"info","msg":"Завершён сканер: Injection, длительность=18150 мс"}
{"ts":"2025-10-30T05:52:19.119901123Z","level":"info","msg":"Сканирование завершено. Эндпоинтов: 65, запросов: 65, длительность: 21593 мс"}
