{"ts":"2025-10-29T16:13:17.254588578Z","level":"info","msg":"Начало сканирования: базовый URL=https://vbank.open.bankingapi.ru/, пресет=full"}
{"ts":"2025-10-29T16:13:31.779618642Z","level":"info","msg":"Сканирование завершено. Эндпоинтов: 51, запросов: 65, длительность: 13872 мс"}
{"ts":"2025-10-29T17:40:34.827970171Z","level":"info","msg":"Начало сканирования: базовый URL=https://vbank.open.bankingapi.ru/, пресет=aggressive"}
{"ts":"2025-10-29T17:40:36.797267184Z","level":"info","msg":"Старт сканера: CORS"}
{"ts":"2025-10-29T17:40:36.814054491Z","level":"info","msg":"Старт сканера: SecurityHeaders"}
{"ts":"2025-10-29T17:40:36.844633802Z","level":"info","msg":"Старт сканера: WeakAuth"}
{"ts":"2025-10-29T17:40:36.848091173Z","level":"info","msg":"Старт сканера: IDOR"}
{"ts":"2025-10-29T17:40:36.862139764Z","level":"info","msg":"Завершён сканер: IDOR, длительность=11 мс"}
{"ts":"2025-10-29T17:40:36.865978782Z","level":"info","msg":"Старт сканера: Injection"}
{"ts":"2025-10-29T17:40:36.892825672Z","level":"info","msg":"Старт сканера: ExcessiveData"}
{"ts":"2025-10-29T17:40:36.896340186Z","level":"info","msg":"Старт сканера: RateLimit"}
{"ts":"2025-10-29T17:40:36.905400761Z","level":"info","msg":"Старт сканера: VerboseErrors"}
{"ts":"2025-10-29T17:40:36.913683897Z","level":"info","msg":"Старт сканера: MassAssignment"}
{"ts":"2025-10-29T17:40:36.952573862Z","level":"info","msg":"Завершён сканер: CORS, длительность=155 мс"}
{"ts":"2025-10-29T17:40:36.957963518Z","level":"info","msg":"Завершён сканер: SecurityHeaders, длительность=159 мс"}
{"ts":"2025-10-29T17:40:37.059024622Z","level":"info","msg":"Завершён сканер: MassAssignment, длительность=161 мс"}
{"ts":"2025-10-29T17:40:37.255793903Z","level":"info","msg":"Завершён сканер: WeakAuth, длительность=411 мс"}
{"ts":"2025-10-29T17:40:42.345161274Z","level":"info","msg":"Завершён сканер: RateLimit, длительность=5448 мс"}
{"ts":"2025-10-29T17:40:46.727044452Z","level":"info","msg":"Завершён сканер: VerboseErrors, длительность=9827 мс"}
{"ts":"2025-10-29T17:40:46.865058753Z","level":"info","msg":"Завершён сканер: ExcessiveData, длительность=9972 мс"}
{"ts":"2025-10-29T17:41:38.078839527Z","level":"info","msg":"Завершён сканер: Injection, длительность=61215 мс"}
{"ts":"2025-10-29T17:41:38.842176575Z","level":"info","msg":"Сканирование завершено. Эндпоинтов: 51, запросов: 65, длительность: 63262 мс"}
{"ts":"2025-10-29T17:42:13.203106812Z","level":"info","msg":"Начало сканирования: базовый URL=https://vbank.open.bankingapi.ru/, пресет=full"}
{"ts":"2025-10-29T17:42:15.124429912Z","level":"info","msg":"Старт сканера: CORS"}
{"ts":"2025-10-29T17:42:15.136692910Z","level":"info","msg":"Старт сканера: SecurityHeaders"}
{"ts":"2025-10-29T17:42:15.192437740Z","level":"info","msg":"Старт сканера: WeakAuth"}
{"ts":"2025-10-29T17:42:15.195958280Z","level":"info","msg":"Старт сканера: IDOR"}
{"ts":"2025-10-29T17:42:15.210525420Z","level":"info","msg":"Завершён сканер: IDOR, длительность=14 мс"}
{"ts":"2025-10-29T17:42:15.214501471Z","level":"info","msg":"Старт сканера: Injection"}
{"ts":"2025-10-29T17:42:15.242244680Z","level":"info","msg":"Старт сканера: ExcessiveData"}
{"ts":"2025-10-29T17:42:15.245728635Z","level":"info","msg":"Старт сканера: RateLimit"}
{"ts":"2025-10-29T17:42:15.255171540Z","level":"info","msg":"Старт сканера: VerboseErrors"}
{"ts":"2025-10-29T17:42:15.263958691Z","level":"info","msg":"Старт сканера: MassAssignment"}
{"ts":"2025-10-29T17:42:15.274631861Z","level":"info","msg":"Завершён сканер: CORS, длительность=150 мс"}
{"ts":"2025-10-29T17:42:15.282681435Z","level":"info","msg":"Завершён сканер: SecurityHeaders, длительность=155 мс"}
{"ts":"2025-10-29T17:42:15.410414090Z","level":"info","msg":"Завершён сканер: MassAssignment, длительность=157 мс"}
{"ts":"2025-10-29T17:42:15.606108038Z","level":"info","msg":"Завершён сканер: WeakAuth, длительность=413 мс"}
{"ts":"2025-10-29T17:42:17.487289124Z","level":"info","msg":"Завершён сканер: RateLimit, длительность=2241 мс"}
{"ts":"2025-10-29T17:42:25.497757364Z","level":"info","msg":"Завершён сканер: VerboseErrors, длительность=10244 мс"}
{"ts":"2025-10-29T17:42:25.631740564Z","level":"info","msg":"Завершён сканер: ExcessiveData, длительность=10389 мс"}
{"ts":"2025-10-29T17:42:47.278853151Z","level":"info","msg":"Завершён сканер: Injection, длительность=32065 мс"}
{"ts":"2025-10-29T17:42:48.001448226Z","level":"info","msg":"Сканирование завершено. Эндпоинтов: 51, запросов: 65, длительность: 34086 мс"}
{"ts":"2025-10-29T17:43:21.808781073Z","level":"info","msg":"Начало сканирования: базовый URL=https://vbank.open.bankingapi.ru/, пресет=full"}
{"ts":"2025-10-29T17:43:23.531728901Z","level":"info","msg":"Старт сканера: CORS"}
{"ts":"2025-10-29T17:43:23.536993158Z","level":"info","msg":"Старт сканера: SecurityHeaders"}
{"ts":"2025-10-29T17:43:23.544202584Z","level":"info","msg":"Старт сканера: IDOR"}
{"ts":"2025-10-29T17:43:23.552515939Z","level":"info","msg":"Старт сканера: WeakAuth"}
{"ts":"2025-10-29T17:43:23.561200280Z","level":"info","msg":"Завершён сканер: IDOR, длительность=17 мс"}
{"ts":"2025-10-29T17:43:23.570025854Z","level":"info","msg":"Старт сканера: Injection"}
{"ts":"2025-10-29T17:43:23.712503402Z","level":"info","msg":"Старт сканера: ExcessiveData"}
{"ts":"2025-10-29T17:43:23.716248072Z","level":"info","msg":"Старт сканера: VerboseErrors"}
{"ts":"2025-10-29T17:43:23.726989139Z","level":"info","msg":"Старт сканера: MassAssignment"}
{"ts":"2025-10-29T17:43:23.735747165Z","level":"info","msg":"Старт сканера: RateLimit"}
{"ts":"2025-10-29T17:43:23.745271496Z","level":"info","msg":"Завершён сканер: CORS, длительность=187 мс"}
{"ts":"2025-10-29T17:43:23.768229129Z","level":"info","msg":"Завершён сканер: SecurityHeaders, длительность=231 мс"}
{"ts":"2025-10-29T17:43:23.872998250Z","level":"info","msg":"Завершён сканер: MassAssignment, длительность=160 мс"}
{"ts":"2025-10-29T17:43:24.031063322Z","level":"info","msg":"Завершён сканер: WeakAuth, длительность=493 мс"}
{"ts":"2025-10-29T17:43:25.955745047Z","level":"info","msg":"Завершён сканер: RateLimit, длительность=2243 мс"}
{"ts":"2025-10-29T17:43:34.225033429Z","level":"info","msg":"Завершён сканер: VerboseErrors, длительность=10513 мс"}
{"ts":"2025-10-29T17:43:34.361881824Z","level":"info","msg":"Завершён сканер: ExcessiveData, длительность=10650 мс"}
{"ts":"2025-10-29T17:43:55.400185846Z","level":"info","msg":"Завершён сканер: Injection, длительность=31831 мс"}
{"ts":"2025-10-29T17:43:56.121586399Z","level":"info","msg":"Сканирование завершено. Эндпоинтов: 51, запросов: 65, длительность: 33603 мс"}
{"ts":"2025-10-29T17:59:21.242476729Z","level":"info","msg":"Начало сканирования: базовый URL=https://vbank.open.bankingapi.ru/, пресет=full"}
{"ts":"2025-10-29T17:59:23.179253308Z","level":"info","msg":"Старт сканера: CORS"}
{"ts":"2025-10-29T17:59:23.183927399Z","level":"info","msg":"Старт сканера: IDOR"}
{"ts":"2025-10-29T17:59:23.193093774Z","level":"info","msg":"Старт сканера: WeakAuth"}
{"ts":"2025-10-29T17:59:23.202171598Z","level":"info","msg":"Старт сканера: SecurityHeaders"}
{"ts":"2025-10-29T17:59:23.224808520Z","level":"info","msg":"Старт сканера: Injection"}
{"ts":"2025-10-29T17:59:23.248511585Z","level":"info","msg":"Старт сканера: ExcessiveData"}
{"ts":"2025-10-29T17:59:23.251705026Z","level":"info","msg":"Старт сканера: VerboseErrors"}
{"ts":"2025-10-29T17:59:23.260325327Z","level":"info","msg":"Старт сканера: MassAssignment"}
{"ts":"2025-10-29T17:59:23.268932022Z","level":"info","msg":"Старт сканера: RateLimit"}
{"ts":"2025-10-29T17:59:23.332663094Z","level":"info","msg":"Завершён сканер: CORS, длительность=150 мс"}
{"ts":"2025-10-29T17:59:23.353448291Z","level":"info","msg":"Завершён сканер: SecurityHeaders, длительность=174 мс"}
{"ts":"2025-10-29T17:59:23.412287006Z","level":"info","msg":"Завершён сканер: MassAssignment, длительность=162 мс"}
{"ts":"2025-10-29T17:59:25.431781224Z","level":"info","msg":"Завершён сканер: RateLimit, длительность=2183 мс"}
{"ts":"2025-10-29T17:59:25.623915739Z","level":"info","msg":"Завершён сканер: WeakAuth, длительность=2443 мс"}
{"ts":"2025-10-29T17:59:25.715593862Z","level":"info","msg":"Завершён сканер: IDOR, длительность=2534 мс"}
{"ts":"2025-10-29T17:59:34.035816265Z","level":"info","msg":"Завершён сканер: VerboseErrors, длительность=10786 мс"}
{"ts":"2025-10-29T17:59:34.170660286Z","level":"info","msg":"Завершён сканер: ExcessiveData, длительность=10923 мс"}
{"ts":"2025-10-29T17:59:55.685809153Z","level":"info","msg":"Завершён сканер: Injection, длительность=32462 мс"}
{"ts":"2025-10-29T17:59:56.432361818Z","level":"info","msg":"Сканирование завершено. Эндпоинтов: 65, запросов: 65, длительность: 34454 мс"}
{"ts":"2025-10-29T18:06:05.998560300Z","level":"info","msg":"Начало сканирования: базовый URL=https://vbank.open.bankingapi.ru/, пресет=full"}
{"ts":"2025-10-29T18:06:07.955858706Z","level":"info","msg":"Старт сканера: CORS"}
{"ts":"2025-10-29T18:06:07.959736875Z","level":"info","msg":"Старт сканера: Injection"}
{"ts":"2025-10-29T18:06:07.969073372Z","level":"info","msg":"Старт сканера: IDOR"}
{"ts":"2025-10-29T18:06:07.978911886Z","level":"info","msg":"Старт сканера: WeakAuth"}
{"ts":"2025-10-29T18:06:07.987324486Z","level":"info","msg":"Старт сканера: SecurityHeaders"}
{"ts":"2025-10-29T18:06:07.996780072Z","level":"info","msg":"Старт сканера: ExcessiveData"}
{"ts":"2025-10-29T18:06:08.088286013Z","level":"info","msg":"Старт сканера: RateLimit"}
{"ts":"2025-10-29T18:06:08.091662487Z","level":"info","msg":"Старт сканера: VerboseErrors"}
{"ts":"2025-10-29T18:06:08.100666108Z","level":"info","msg":"Старт сканера: MassAssignment"}
{"ts":"2025-10-29T18:06:08.159722536Z","level":"info","msg":"Завершён сканер: SecurityHeaders, длительность=200 мс"}
{"ts":"2025-10-29T18:06:08.249818482Z","level":"info","msg":"Завершён сканер: MassAssignment, длительность=161 мс"}
{"ts":"2025-10-29T18:06:08.528752068Z","level":"info","msg":"Завершён сканер: CORS, длительность=572 мс"}
{"ts":"2025-10-29T18:06:10.424480940Z","level":"info","msg":"Завершён сканер: RateLimit, длительность=2336 мс"}
{"ts":"2025-10-29T18:06:10.442430094Z","level":"info","msg":"Завершён сканер: WeakAuth, длительность=2486 мс"}
{"ts":"2025-10-29T18:06:10.709950126Z","level":"info","msg":"Завершён сканер: IDOR, длительность=2753 мс"}
{"ts":"2025-10-29T18:06:18.034449600Z","level":"info","msg":"Завершён сканер: VerboseErrors, длительность=9944 мс"}
{"ts":"2025-10-29T18:06:18.037880335Z","level":"info","msg":"Завершён сканер: ExcessiveData, длительность=10072 мс"}
{"ts":"2025-10-29T18:06:41.022588952Z","level":"info","msg":"Завершён сканер: Injection, длительность=33063 мс"}
{"ts":"2025-10-29T18:06:41.831096814Z","level":"info","msg":"Сканирование завершено. Эндпоинтов: 65, запросов: 65, длительность: 35036 мс"}
{"ts":"2025-10-29T18:11:34.182916636Z","level":"info","msg":"Начало сканирования: базовый URL=https://vbank.open.bankingapi.ru/, пресет=full"}
{"ts":"2025-10-29T18:11:37.072131444Z","level":"info","msg":"Старт сканера: SecurityHeaders"}
{"ts":"2025-10-29T18:11:37.084301584Z","level":"info","msg":"Старт сканера: ExcessiveData"}
{"ts":"2025-10-29T18:11:37.096261170Z","level":"info","msg":"Старт сканера: Injection"}
{"ts":"2025-10-29T18:11:37.106486305Z","level":"info","msg":"Старт сканера: IDOR"}
{"ts":"2025-10-29T18:11:37.116337600Z","level":"info","msg":"Старт сканера: WeakAuth"}
{"ts":"2025-10-29T18:11:37.126184777Z","level":"info","msg":"Старт сканера: CORS"}
{"ts":"2025-10-29T18:11:37.136996469Z","level":"info","msg":"Старт сканера: MassAssignment"}
{"ts":"2025-10-29T18:11:37.145793195Z","level":"info","msg":"Старт сканера: RateLimit"}
{"ts":"2025-10-29T18:11:37.188825685Z","level":"info","msg":"Старт сканера: VerboseErrors"}
{"ts":"2025-10-29T18:11:37.292748634Z","level":"info","msg":"Завершён сканер: SecurityHeaders, длительность=216 мс"}
{"ts":"2025-10-29T18:11:37.331112172Z","level":"info","msg":"Завершён сканер: MassAssignment, длительность=197 мс"}
{"ts":"2025-10-29T18:11:38.370543283Z","level":"info","msg":"Завершён сканер: CORS, длительность=1298 мс"}
{"ts":"2025-10-29T18:11:39.582221349Z","level":"info","msg":"Завершён сканер: WeakAuth, длительность=2509 мс"}
{"ts":"2025-10-29T18:11:39.974106705Z","level":"info","msg":"Завершён сканер: RateLimit, длительность=2854 мс"}
{"ts":"2025-10-29T18:11:40.254501894Z","level":"info","msg":"Завершён сканер: IDOR, длительность=3180 мс"}
{"ts":"2025-10-29T18:11:48.052627088Z","level":"info","msg":"Завершён сканер: VerboseErrors, длительность=10863 мс"}
{"ts":"2025-10-29T18:11:48.451847181Z","level":"info","msg":"Завершён сканер: ExcessiveData, длительность=11376 мс"}
{"ts":"2025-10-29T18:12:25.853793670Z","level":"info","msg":"Завершён сканер: Injection, длительность=48780 мс"}
{"ts":"2025-10-29T18:12:26.710592881Z","level":"info","msg":"Сканирование завершено. Эндпоинтов: 65, запросов: 65, длительность: 51681 мс"}
{"ts":"2025-10-29T18:22:30.883082763Z","level":"info","msg":"Начало сканирования: базовый URL=https://vbank.open.bankingapi.ru/, пресет=full"}
{"ts":"2025-10-29T18:22:33.696365749Z","level":"info","msg":"Старт сканера: CORS"}
{"ts":"2025-10-29T18:22:33.700864476Z","level":"info","msg":"Старт сканера: SecurityHeaders"}
{"ts":"2025-10-29T18:22:33.710011491Z","level":"info","msg":"Старт сканера: WeakAuth"}
{"ts":"2025-10-29T18:22:33.718781910Z","level":"info","msg":"Старт сканера: VerboseErrors"}
{"ts":"2025-10-29T18:22:33.728227355Z","level":"info","msg":"Старт сканера: MassAssignment"}
{"ts":"2025-10-29T18:22:33.737094449Z","level":"info","msg":"Старт сканера: RateLimit"}
{"ts":"2025-10-29T18:22:33.745487706Z","level":"info","msg":"Старт сканера: ExcessiveData"}
{"ts":"2025-10-29T18:22:33.757386858Z","level":"info","msg":"Старт сканера: Injection"}
{"ts":"2025-10-29T18:22:33.765803445Z","level":"info","msg":"Старт сканера: IDOR"}
{"ts":"2025-10-29T18:22:33.873059525Z","level":"info","msg":"Завершён сканер: SecurityHeaders, длительность=169 мс"}
{"ts":"2025-10-29T18:22:33.879340146Z","level":"info","msg":"Завершён сканер: MassAssignment, длительность=167 мс"}
{"ts":"2025-10-29T18:22:34.277605771Z","level":"info","msg":"Завершён сканер: CORS, длительность=581 мс"}
{"ts":"2025-10-29T18:22:35.986144934Z","level":"info","msg":"Завершён сканер: RateLimit, длительность=2274 мс"}
{"ts":"2025-10-29T18:22:36.223452475Z","level":"info","msg":"Завершён сканер: WeakAuth, длительность=2523 мс"}
{"ts":"2025-10-29T18:22:36.531822603Z","level":"info","msg":"Завершён сканер: IDOR, длительность=2824 мс"}
{"ts":"2025-10-29T18:22:44.105463412Z","level":"info","msg":"Завершён сканер: VerboseErrors, длительность=10391 мс"}
{"ts":"2025-10-29T18:22:44.109387870Z","level":"info","msg":"Завершён сканер: ExcessiveData, длительность=10396 мс"}
{"ts":"2025-10-29T18:23:22.123309743Z","level":"info","msg":"Завершён сканер: Injection, длительность=48415 мс"}
{"ts":"2025-10-29T18:23:53.919518858Z","level":"info","msg":"Начало сканирования: базовый URL=https://vbank.open.bankingapi.ru/, пресет=full"}
{"ts":"2025-10-29T18:23:56.852308952Z","level":"info","msg":"Старт сканера: CORS"}
{"ts":"2025-10-29T18:23:56.889485970Z","level":"info","msg":"Старт сканера: SecurityHeaders"}
{"ts":"2025-10-29T18:23:56.893259048Z","level":"info","msg":"Старт сканера: WeakAuth"}
{"ts":"2025-10-29T18:23:56.901600305Z","level":"info","msg":"Старт сканера: ExcessiveData"}
{"ts":"2025-10-29T18:23:56.913102683Z","level":"info","msg":"Старт сканера: Injection"}
{"ts":"2025-10-29T18:23:56.921541942Z","level":"info","msg":"Старт сканера: IDOR"}
{"ts":"2025-10-29T18:23:56.933210930Z","level":"info","msg":"Старт сканера: MassAssignment"}
{"ts":"2025-10-29T18:23:56.941935016Z","level":"info","msg":"Старт сканера: RateLimit"}
{"ts":"2025-10-29T18:23:56.970732811Z","level":"info","msg":"Старт сканера: VerboseErrors"}
{"ts":"2025-10-29T18:23:57.055803570Z","level":"info","msg":"Завершён сканер: SecurityHeaders, длительность=163 мс"}
{"ts":"2025-10-29T18:23:57.093321079Z","level":"info","msg":"Завершён сканер: MassAssignment, длительность=177 мс"}
{"ts":"2025-10-29T18:23:57.692953475Z","level":"info","msg":"Завершён сканер: CORS, длительность=840 мс"}
{"ts":"2025-10-29T18:23:59.179939194Z","level":"info","msg":"Завершён сканер: RateLimit, длительность=2267 мс"}
{"ts":"2025-10-29T18:23:59.403227775Z","level":"info","msg":"Завершён сканер: WeakAuth, длительность=2511 мс"}
{"ts":"2025-10-29T18:23:59.609851120Z","level":"info","msg":"Завершён сканер: IDOR, длительность=2717 мс"}
{"ts":"2025-10-29T18:24:07.132524489Z","level":"info","msg":"Завершён сканер: VerboseErrors, длительность=10163 мс"}
{"ts":"2025-10-29T18:24:07.268858054Z","level":"info","msg":"Завершён сканер: ExcessiveData, длительность=10372 мс"}
{"ts":"2025-10-29T18:24:46.112256568Z","level":"info","msg":"Завершён сканер: Injection, длительность=49219 мс"}
{"ts":"2025-10-29T18:24:47.442119803Z","level":"info","msg":"Сканирование завершено. Эндпоинтов: 65, запросов: 65, длительность: 52204 мс"}
{"ts":"2025-10-29T18:39:45.836271231Z","level":"info","msg":"Начало сканирования: базовый URL=https://vbank.open.bankingapi.ru/, пресет=full"}
{"ts":"2025-10-29T18:39:48.803440715Z","level":"info","msg":"Старт сканера: CORS"}
{"ts":"2025-10-29T18:39:48.815328719Z","level":"info","msg":"Старт сканера: MassAssignment"}
{"ts":"2025-10-29T18:39:48.824990959Z","level":"info","msg":"Старт сканера: RateLimit"}
{"ts":"2025-10-29T18:39:48.836657739Z","level":"info","msg":"Старт сканера: ExcessiveData"}
{"ts":"2025-10-29T18:39:48.845207868Z","level":"info","msg":"Старт сканера: Injection"}
{"ts":"2025-10-29T18:39:48.854597304Z","level":"info","msg":"Старт сканера: IDOR"}
{"ts":"2025-10-29T18:39:48.863714197Z","level":"info","msg":"Старт сканера: WeakAuth"}
{"ts":"2025-10-29T18:39:48.872562779Z","level":"info","msg":"Старт сканера: SecurityHeaders"}
{"ts":"2025-10-29T18:39:48.929703189Z","level":"info","msg":"Старт сканера: VerboseErrors"}
{"ts":"2025-10-29T18:39:48.959851973Z","level":"info","msg":"Старт сканера: BFLA"}
{"ts":"2025-10-29T18:39:48.962833955Z","level":"info","msg":"Старт сканера: HPP"}
{"ts":"2025-10-29T18:39:48.979672679Z","level":"info","msg":"Завершён сканер: MassAssignment, длительность=164 мс"}
{"ts":"2025-10-29T18:39:48.985626140Z","level":"info","msg":"Старт сканера: RateLimit"}
{"ts":"2025-10-29T18:39:49.058188586Z","level":"info","msg":"Завершён сканер: SecurityHeaders, длительность=253 мс"}
{"ts":"2025-10-29T18:39:49.062225598Z","level":"info","msg":"Старт сканера: MethodOverride"}
{"ts":"2025-10-29T18:39:49.577501469Z","level":"info","msg":"Завершён сканер: CORS, длительность=774 мс"}
{"ts":"2025-10-29T18:39:50.286173897Z","level":"info","msg":"Завершён сканер: BFLA, длительность=1326 мс"}
{"ts":"2025-10-29T18:39:51.123217983Z","level":"info","msg":"Завершён сканер: RateLimit, длительность=2314 мс"}
{"ts":"2025-10-29T18:39:51.446197269Z","level":"info","msg":"Завершён сканер: WeakAuth, длительность=2641 мс"}
{"ts":"2025-10-29T18:39:51.884071017Z","level":"info","msg":"Завершён сканер: IDOR, длительность=3077 мс"}
{"ts":"2025-10-29T18:39:52.448416938Z","level":"info","msg":"Завершён сканер: RateLimit, длительность=3462 мс"}
{"ts":"2025-10-29T18:39:52.658730902Z","level":"info","msg":"Завершён сканер: HPP, длительность=3695 мс"}
{"ts":"2025-10-29T18:39:54.842401167Z","level":"info","msg":"Завершён сканер: MethodOverride, длительность=5780 мс"}
{"ts":"2025-10-29T18:39:59.972270516Z","level":"info","msg":"Завершён сканер: VerboseErrors, длительность=11043 мс"}
{"ts":"2025-10-29T18:39:59.975849504Z","level":"info","msg":"Завершён сканер: ExcessiveData, длительность=11166 мс"}
{"ts":"2025-10-29T18:40:39.634190997Z","level":"info","msg":"Завершён сканер: Injection, длительность=50829 мс"}
{"ts":"2025-10-29T18:40:41.351511335Z","level":"info","msg":"Сканирование завершено. Эндпоинтов: 65, запросов: 65, длительность: 53810 мс"}
{"ts":"2025-10-29T18:47:12.454574106Z","level":"info","msg":"Начало сканирования: базовый URL=https://vbank.open.bankingapi.ru/, пресет=aggressive"}
{"ts":"2025-10-29T18:47:17.025760185Z","level":"info","msg":"Старт сканера: SecurityHeaders"}
{"ts":"2025-10-29T18:47:17.031100817Z","level":"info","msg":"Старт сканера: IDOR"}
{"ts":"2025-10-29T18:47:17.045912634Z","level":"info","msg":"Старт сканера: WeakAuth"}
{"ts":"2025-10-29T18:47:17.055533683Z","level":"info","msg":"Старт сканера: CORS"}
{"ts":"2025-10-29T18:47:17.064406329Z","level":"info","msg":"Старт сканера: MassAssignment"}
{"ts":"2025-10-29T18:47:17.074114981Z","level":"info","msg":"Старт сканера: RateLimit"}
{"ts":"2025-10-29T18:47:17.082720764Z","level":"info","msg":"Старт сканера: ExcessiveData"}
{"ts":"2025-10-29T18:47:17.091217526Z","level":"info","msg":"Старт сканера: Injection"}
{"ts":"2025-10-29T18:47:17.155327386Z","level":"info","msg":"Старт сканера: VerboseErrors"}
{"ts":"2025-10-29T18:47:17.158127469Z","level":"info","msg":"Старт сканера: HPP"}
{"ts":"2025-10-29T18:47:17.167614132Z","level":"info","msg":"Старт сканера: BFLA"}
{"ts":"2025-10-29T18:47:17.177602640Z","level":"info","msg":"Старт сканера: RateLimit"}
{"ts":"2025-10-29T18:47:17.207814420Z","level":"info","msg":"Завершён сканер: SecurityHeaders, длительность=178 мс"}
{"ts":"2025-10-29T18:47:17.210818351Z","level":"info","msg":"Старт сканера: MethodOverride"}
{"ts":"2025-10-29T18:47:17.220482900Z","level":"info","msg":"Завершён сканер: MassAssignment, длительность=167 мс"}
{"ts":"2025-10-29T18:47:17.628858759Z","level":"info","msg":"Завершён сканер: CORS, длительность=603 мс"}
{"ts":"2025-10-29T18:47:18.404890018Z","level":"info","msg":"Завершён сканер: BFLA, длительность=1248 мс"}
{"ts":"2025-10-29T18:47:20.368704275Z","level":"info","msg":"Завершён сканер: RateLimit, длительность=3208 мс"}
{"ts":"2025-10-29T18:47:22.040271193Z","level":"info","msg":"Завершён сканер: WeakAuth, длительность=5011 мс"}
{"ts":"2025-10-29T18:47:23.114619340Z","level":"info","msg":"Завершён сканер: RateLimit, длительность=6075 мс"}
{"ts":"2025-10-29T18:47:24.548084848Z","level":"info","msg":"Завершён сканер: IDOR, длительность=7517 мс"}
{"ts":"2025-10-29T18:47:24.676727205Z","level":"info","msg":"Завершён сканер: HPP, длительность=7518 мс"}
{"ts":"2025-10-29T18:47:29.140604356Z","level":"info","msg":"Завершён сканер: VerboseErrors, длительность=11986 мс"}
{"ts":"2025-10-29T18:47:29.280570679Z","level":"info","msg":"Завершён сканер: ExcessiveData, длительность=12246 мс"}
{"ts":"2025-10-29T18:47:29.571007478Z","level":"info","msg":"Завершён сканер: MethodOverride, длительность=12361 мс"}
{"ts":"2025-10-29T18:48:54.370795185Z","level":"info","msg":"Завершён сканер: Injection, длительность=97342 мс"}
{"ts":"2025-10-29T18:48:56.456916409Z","level":"info","msg":"Сканирование завершено. Эндпоинтов: 65, запросов: 65, длительность: 101927 мс"}
{"ts":"2025-10-29T19:10:00.040053772Z","level":"info","msg":"Начало сканирования: базовый URL=https://vbank.open.bankingapi.ru/, пресет=aggressive"}
{"ts":"2025-10-29T19:10:04.444023609Z","level":"info","msg":"Старт сканера: CORS"}
{"ts":"2025-10-29T19:10:04.457937109Z","level":"info","msg":"Старт сканера: SecurityHeaders"}
{"ts":"2025-10-29T19:10:04.543796594Z","level":"info","msg":"Старт сканера: WeakAuth"}
{"ts":"2025-10-29T19:10:04.546322418Z","level":"info","msg":"Старт сканера: IDOR"}
{"ts":"2025-10-29T19:10:04.554811323Z","level":"info","msg":"Старт сканера: Injection"}
{"ts":"2025-10-29T19:10:04.574087251Z","level":"info","msg":"Старт сканера: ExcessiveData"}
{"ts":"2025-10-29T19:10:04.577081873Z","level":"info","msg":"Старт сканера: RateLimit"}
{"ts":"2025-10-29T19:10:04.588889868Z","level":"info","msg":"Старт сканера: RateLimit"}
{"ts":"2025-10-29T19:10:04.597348488Z","level":"info","msg":"Старт сканера: HPP"}
{"ts":"2025-10-29T19:10:04.606501252Z","level":"info","msg":"Старт сканера: BFLA"}
{"ts":"2025-10-29T19:10:04.616569013Z","level":"info","msg":"Старт сканера: VerboseErrors"}
{"ts":"2025-10-29T19:10:04.629474014Z","level":"info","msg":"Старт сканера: MassAssignment"}
{"ts":"2025-10-29T19:10:04.640336397Z","level":"info","msg":"Завершён сканер: SecurityHeaders, длительность=190 мс"}
{"ts":"2025-10-29T19:10:04.650639766Z","level":"info","msg":"Старт сканера: MethodOverride"}
{"ts":"2025-10-29T19:10:04.779366974Z","level":"info","msg":"Завершён сканер: MassAssignment, длительность=202 мс"}
{"ts":"2025-10-29T19:10:05.026920344Z","level":"info","msg":"Завершён сканер: CORS, длительность=582 мс"}
{"ts":"2025-10-29T19:10:06.037752502Z","level":"info","msg":"Завершён сканер: BFLA, длительность=1455 мс"}
{"ts":"2025-10-29T19:10:07.707393864Z","level":"info","msg":"Завершён сканер: RateLimit, длительность=3121 мс"}
{"ts":"2025-10-29T19:10:09.544179236Z","level":"info","msg":"Завершён сканер: WeakAuth, длительность=5000 мс"}
{"ts":"2025-10-29T19:10:10.198300852Z","level":"info","msg":"Завершён сканер: RateLimit, длительность=5622 мс"}
{"ts":"2025-10-29T19:10:11.327348921Z","level":"info","msg":"Завершён сканер: HPP, длительность=6743 мс"}
{"ts":"2025-10-29T19:10:14.906561919Z","level":"info","msg":"Завершён сканер: VerboseErrors, длительность=10327 мс"}
{"ts":"2025-10-29T19:10:14.910265452Z","level":"info","msg":"Завершён сканер: ExcessiveData, длительность=10333 мс"}
{"ts":"2025-10-29T19:10:18.019747901Z","level":"info","msg":"Завершён сканер: IDOR, длительность=13474 мс"}
{"ts":"2025-10-29T19:10:18.955196261Z","level":"info","msg":"Завершён сканер: MethodOverride, длительность=14304 мс"}
{"ts":"2025-10-29T19:11:42.063297158Z","level":"info","msg":"Завершён сканер: Injection, длительность=97520 мс"}
{"ts":"2025-10-29T19:11:44.527714362Z","level":"info","msg":"Сканирование завершено. Эндпоинтов: 65, запросов: 65, длительность: 102034 мс"}
{"ts":"2025-10-29T19:15:55.314688512Z","level":"info","msg":"Начало сканирования: базовый URL=https://vbank.open.bankingapi.ru/, пресет=aggressive"}
{"ts":"2025-10-29T19:15:59.484081708Z","level":"info","msg":"Старт сканера: CORS"}
{"ts":"2025-10-29T19:15:59.497915204Z","level":"info","msg":"Старт сканера: IDOR"}
{"ts":"2025-10-29T19:15:59.507000037Z","level":"info","msg":"Старт сканера: WeakAuth"}
{"ts":"2025-10-29T19:15:59.514890109Z","level":"info","msg":"Старт сканера: SecurityHeaders"}
{"ts":"2025-10-29T19:15:59.593320416Z","level":"info","msg":"Старт сканера: Injection"}
{"ts":"2025-10-29T19:15:59.595804229Z","level":"info","msg":"Старт сканера: ExcessiveData"}
{"ts":"2025-10-29T19:15:59.618342083Z","level":"info","msg":"Старт сканера: RateLimit"}
{"ts":"2025-10-29T19:15:59.621696831Z","level":"info","msg":"Старт сканера: MassAssignment"}
{"ts":"2025-10-29T19:15:59.636797559Z","level":"info","msg":"Старт сканера: RateLimit"}
{"ts":"2025-10-29T19:15:59.646435987Z","level":"info","msg":"Старт сканера: HPP"}
{"ts":"2025-10-29T19:15:59.656662702Z","level":"info","msg":"Старт сканера: BFLA"}
{"ts":"2025-10-29T19:15:59.664715187Z","level":"info","msg":"Старт сканера: VerboseErrors"}
{"ts":"2025-10-29T19:15:59.688153828Z","level":"info","msg":"Завершён сканер: SecurityHeaders, длительность=201 мс"}
{"ts":"2025-10-29T19:15:59.690614207Z","level":"info","msg":"Старт сканера: MethodOverride"}
{"ts":"2025-10-29T19:15:59.783744701Z","level":"info","msg":"Завершён сканер: MassAssignment, длительность=164 мс"}
{"ts":"2025-10-29T19:16:00.071676037Z","level":"info","msg":"Завершён сканер: CORS, длительность=587 мс"}
{"ts":"2025-10-29T19:16:00.908701252Z","level":"info","msg":"Завершён сканер: BFLA, длительность=1284 мс"}
{"ts":"2025-10-29T19:16:13.213048221Z","level":"info","msg":"Начало сканирования: базовый URL=https://vbank.open.bankingapi.ru/, пресет=aggressive"}
{"ts":"2025-10-29T19:16:17.291187371Z","level":"info","msg":"Старт сканера: CORS"}
{"ts":"2025-10-29T19:16:17.294825481Z","level":"info","msg":"Старт сканера: SecurityHeaders"}
{"ts":"2025-10-29T19:16:17.379784628Z","level":"info","msg":"Старт сканера: WeakAuth"}
{"ts":"2025-10-29T19:16:17.382687346Z","level":"info","msg":"Старт сканера: IDOR"}
{"ts":"2025-10-29T19:16:17.395126114Z","level":"info","msg":"Старт сканера: MassAssignment"}
{"ts":"2025-10-29T19:16:17.404242871Z","level":"info","msg":"Старт сканера: RateLimit"}
{"ts":"2025-10-29T19:16:17.414003648Z","level":"info","msg":"Старт сканера: ExcessiveData"}
{"ts":"2025-10-29T19:16:17.424082995Z","level":"info","msg":"Старт сканера: Injection"}
{"ts":"2025-10-29T19:16:17.434977069Z","level":"info","msg":"Старт сканера: VerboseErrors"}
{"ts":"2025-10-29T19:16:17.450047692Z","level":"info","msg":"Старт сканера: RateLimit"}
{"ts":"2025-10-29T19:16:17.461669552Z","level":"info","msg":"Старт сканера: HPP"}
{"ts":"2025-10-29T19:16:17.475252104Z","level":"info","msg":"Старт сканера: BFLA"}
{"ts":"2025-10-29T19:16:17.488443892Z","level":"info","msg":"Завершён сканер: SecurityHeaders, длительность=190 мс"}
{"ts":"2025-10-29T19:16:17.494409038Z","level":"info","msg":"Старт сканера: MethodOverride"}
{"ts":"2025-10-29T19:16:17.545104993Z","level":"info","msg":"Завершён сканер: MassAssignment, длительность=157 мс"}
{"ts":"2025-10-29T19:16:17.868525556Z","level":"info","msg":"Завершён сканер: CORS, длительность=577 мс"}
{"ts":"2025-10-29T19:16:18.736852885Z","level":"info","msg":"Завершён сканер: BFLA, длительность=1300 мс"}
{"ts":"2025-10-29T19:16:20.544732949Z","level":"info","msg":"Завершён сканер: RateLimit, длительность=3103 мс"}
{"ts":"2025-10-29T19:16:22.420876514Z","level":"info","msg":"Завершён сканер: WeakAuth, длительность=5041 мс"}
{"ts":"2025-10-29T19:16:22.872520582Z","level":"info","msg":"Завершён сканер: RateLimit, длительность=5486 мс"}
{"ts":"2025-10-29T19:16:24.148509379Z","level":"info","msg":"Завершён сканер: HPP, длительность=6709 мс"}
{"ts":"2025-10-29T19:16:27.281371333Z","level":"info","msg":"Завершён сканер: VerboseErrors, длительность=9847 мс"}
{"ts":"2025-10-29T19:16:27.417035113Z","level":"info","msg":"Завершён сканер: ExcessiveData, длительность=10032 мс"}
{"ts":"2025-10-29T19:16:30.529886275Z","level":"info","msg":"Завершён сканер: IDOR, длительность=13149 мс"}
{"ts":"2025-10-29T19:16:31.209226705Z","level":"info","msg":"Завершён сканер: MethodOverride, длительность=13715 мс"}
{"ts":"2025-10-29T19:17:54.562992052Z","level":"info","msg":"Завершён сканер: Injection, длительность=97184 мс"}
{"ts":"2025-10-29T19:17:56.937885544Z","level":"info","msg":"Сканирование завершено. Эндпоинтов: 65, запросов: 65, длительность: 101360 мс"}
{"ts":"2025-10-30T03:56:38.408512741Z","level":"info","msg":"Начало сканирования: базовый URL=https://vbank.open.bankingapi.ru/, пресет=aggressive"}
{"ts":"2025-10-30T03:56:45.584071617Z","level":"info","msg":"Старт сканера: CORS"}
{"ts":"2025-10-30T03:56:45.588010223Z","level":"info","msg":"Старт сканера: IDOR"}
{"ts":"2025-10-30T03:56:45.590714402Z","level":"info","msg":"Старт сканера: WeakAuth"}
{"ts":"2025-10-30T03:56:45.593587398Z","level":"info","msg":"Старт сканера: SecurityHeaders"}
{"ts":"2025-10-30T03:56:45.598028056Z","level":"info","msg":"Старт сканера: ExcessiveData"}
{"ts":"2025-10-30T03:56:45.603867158Z","level":"info","msg":"Старт сканера: Injection"}
{"ts":"2025-10-30T03:56:45.745692081Z","level":"info","msg":"Завершён сканер: SecurityHeaders, длительность=157 мс"}
{"ts":"2025-10-30T03:56:45.748673889Z","level":"info","msg":"Старт сканера: RateLimit"}
{"ts":"2025-10-30T03:56:46.226994307Z","level":"info","msg":"Завершён сканер: CORS, длительность=642 мс"}
{"ts":"2025-10-30T03:56:46.229452760Z","level":"info","msg":"Старт сканера: MassAssignment"}
{"ts":"2025-10-30T03:56:50.178781053Z","level":"info","msg":"Завершён сканер: WeakAuth, длительность=4592 мс"}
{"ts":"2025-10-30T03:56:50.182820460Z","level":"info","msg":"Старт сканера: VerboseErrors"}
{"ts":"2025-10-30T03:56:50.321900927Z","level":"info","msg":"Завершён сканер: MassAssignment, длительность=4092 мс"}
{"ts":"2025-10-30T03:56:50.326777598Z","level":"info","msg":"Старт сканера: BFLA"}
{"ts":"2025-10-30T03:56:51.161449614Z","level":"info","msg":"Завершён сканер: RateLimit, длительность=5412 мс"}
{"ts":"2025-10-30T03:56:51.164856873Z","level":"info","msg":"Старт сканера: HPP"}
{"ts":"2025-10-30T03:56:52.298219983Z","level":"info","msg":"Завершён сканер: BFLA, длительность=1971 мс"}
{"ts":"2025-10-30T03:56:52.300795278Z","level":"info","msg":"Старт сканера: RateLimit"}
{"ts":"2025-10-30T03:56:54.038660417Z","level":"info","msg":"Завершён сканер: ExcessiveData, длительность=8447 мс"}
{"ts":"2025-10-30T03:56:54.041343421Z","level":"info","msg":"Старт сканера: MethodOverride"}
{"ts":"2025-10-30T03:56:56.838095291Z","level":"info","msg":"Завершён сканер: RateLimit, длительность=4537 мс"}
{"ts":"2025-10-30T03:56:58.047156937Z","level":"info","msg":"Завершён сканер: IDOR, длительность=12459 мс"}
{"ts":"2025-10-30T03:56:58.610801770Z","level":"info","msg":"Завершён сканер: HPP, длительность=7445 мс"}
{"ts":"2025-10-30T03:56:58.853900750Z","level":"info","msg":"Завершён сканер: VerboseErrors, длительность=8671 мс"}
{"ts":"2025-10-30T03:57:09.129669082Z","level":"info","msg":"Завершён сканер: MethodOverride, длительность=15091 мс"}
{"ts":"2025-10-30T03:58:12.373997935Z","level":"info","msg":"Завершён сканер: Injection, длительность=86791 мс"}
{"ts":"2025-10-30T03:58:15.855706318Z","level":"info","msg":"Сканирование завершено. Эндпоинтов: 65, запросов: 65, длительность: 93976 мс"}
{"ts":"2025-10-30T05:37:40.231857861Z","level":"info","msg":"Начало сканирования: базовый URL=https://vbank.open.bankingapi.ru/, пресет=aggressive"}
{"ts":"2025-10-30T05:37:47.530797599Z","level":"info","msg":"Старт сканера: CORS"}
{"ts":"2025-10-30T05:37:47.534132650Z","level":"info","msg":"Старт сканера: WeakAuth"}
{"ts":"2025-10-30T05:37:47.537191387Z","level":"info","msg":"Старт сканера: SecurityHeaders"}
{"ts":"2025-10-30T05:37:47.539894109Z","level":"info","msg":"Старт сканера: IDOR"}
{"ts":"2025-10-30T05:37:47.656454657Z","level":"info","msg":"Старт сканера: Injection"}
{"ts":"2025-10-30T05:37:47.659043674Z","level":"info","msg":"Старт сканера: ExcessiveData"}
{"ts":"2025-10-30T05:37:47.694557673Z","level":"info","msg":"Завершён сканер: SecurityHeaders, длительность=158 мс"}
{"ts":"2025-10-30T05:37:47.698478050Z","level":"info","msg":"Старт сканера: RateLimit"}
{"ts":"2025-10-30T05:37:48.059742116Z","level":"info","msg":"Завершён сканер: CORS, длительность=528 мс"}
{"ts":"2025-10-30T05:37:48.062842956Z","level":"info","msg":"Старт сканера: MassAssignment"}
{"ts":"2025-10-30T05:37:52.080937876Z","level":"info","msg":"Завершён сканер: WeakAuth, длительность=4546 мс"}
{"ts":"2025-10-30T05:37:52.084054817Z","level":"info","msg":"Старт сканера: VerboseErrors"}
{"ts":"2025-10-30T05:37:52.230561813Z","level":"info","msg":"Завершён сканер: MassAssignment, длительность=4167 мс"}
{"ts":"2025-10-30T05:37:52.235507436Z","level":"info","msg":"Старт сканера: BFLA"}
{"ts":"2025-10-30T05:37:53.486073945Z","level":"info","msg":"Завершён сканер: RateLimit, длительность=5787 мс"}
{"ts":"2025-10-30T05:37:53.491462887Z","level":"info","msg":"Старт сканера: HPP"}
{"ts":"2025-10-30T05:37:54.631584423Z","level":"info","msg":"Завершён сканер: BFLA, длительность=2396 мс"}
{"ts":"2025-10-30T05:37:54.634202641Z","level":"info","msg":"Старт сканера: RateLimit"}
{"ts":"2025-10-30T05:37:56.315127303Z","level":"info","msg":"Завершён сканер: ExcessiveData, длительность=8657 мс"}
{"ts":"2025-10-30T05:37:56.317840201Z","level":"info","msg":"Старт сканера: MethodOverride"}
{"ts":"2025-10-30T05:38:00.563733809Z","level":"info","msg":"Завершён сканер: VerboseErrors, длительность=8479 мс"}
{"ts":"2025-10-30T05:38:00.699322088Z","level":"info","msg":"Завершён сканер: RateLimit, длительность=6065 мс"}
{"ts":"2025-10-30T05:38:10.169212828Z","level":"info","msg":"Завершён сканер: HPP, длительность=16679 мс"}
{"ts":"2025-10-30T05:38:22.762863459Z","level":"info","msg":"Завершён сканер: MethodOverride, длительность=26447 мс"}
{"ts":"2025-10-30T05:38:52.476220808Z","level":"info","msg":"Завершён сканер: IDOR, длительность=64944 мс"}
{"ts":"2025-10-30T05:39:16.062787152Z","level":"info","msg":"Завершён сканер: Injection, длительность=88410 мс"}
{"ts":"2025-10-30T05:39:20.408004394Z","level":"info","msg":"Сканирование завершено. Эндпоинтов: 65, запросов: 65, длительность: 95858 мс"}
{"ts":"2025-10-30T06:13:59.934930976Z","level":"info","msg":"Начало сканирования: базовый URL=https://vbank.open.bankingapi.ru/, пресет=aggressive"}
{"ts":"2025-10-30T06:14:07.045511613Z","level":"info","msg":"Старт сканера: CORS"}
{"ts":"2025-10-30T06:14:07.048584209Z","level":"info","msg":"Старт сканера: SecurityHeaders"}
{"ts":"2025-10-30T06:14:07.176899782Z","level":"info","msg":"Старт сканера: WeakAuth"}
{"ts":"2025-10-30T06:14:07.180220002Z","level":"info","msg":"Старт сканера: Injection"}
{"ts":"2025-10-30T06:14:07.189154064Z","level":"info","msg":"Старт сканера: IDOR"}
{"ts":"2025-10-30T06:14:07.198052822Z","level":"info","msg":"Старт сканера: ExcessiveData"}
{"ts":"2025-10-30T06:14:07.220638400Z","level":"info","msg":"Завершён сканер: SecurityHeaders, длительность=170 мс"}
{"ts":"2025-10-30T06:14:07.222842412Z","level":"info","msg":"Старт сканера: RateLimit"}
{"ts":"2025-10-30T06:14:07.653088899Z","level":"info","msg":"Завершён сканер: CORS, длительность=607 мс"}
{"ts":"2025-10-30T06:14:07.655452627Z","level":"info","msg":"Старт сканера: MassAssignment"}
{"ts":"2025-10-30T06:14:11.846883187Z","level":"info","msg":"Завершён сканер: WeakAuth, длительность=4669 мс"}
{"ts":"2025-10-30T06:14:11.849842873Z","level":"info","msg":"Старт сканера: VerboseErrors"}
{"ts":"2025-10-30T06:14:11.978172247Z","level":"info","msg":"Завершён сканер: MassAssignment, длительность=4322 мс"}
{"ts":"2025-10-30T06:14:11.981521370Z","level":"info","msg":"Старт сканера: BFLA"}
{"ts":"2025-10-30T06:14:13.133362537Z","level":"info","msg":"Завершён сканер: RateLimit, длительность=5910 мс"}
{"ts":"2025-10-30T06:14:13.140336409Z","level":"info","msg":"Старт сканера: HPP"}
{"ts":"2025-10-30T06:14:14.284621347Z","level":"info","msg":"Завершён сканер: BFLA, длительность=2303 мс"}
{"ts":"2025-10-30T06:14:14.287473522Z","level":"info","msg":"Старт сканера: RateLimit"}
{"ts":"2025-10-30T06:14:16.022461608Z","level":"info","msg":"Завершён сканер: ExcessiveData, длительность=8835 мс"}
{"ts":"2025-10-30T06:14:16.026096571Z","level":"info","msg":"Старт сканера: MethodOverride"}
{"ts":"2025-10-30T06:14:20.415755098Z","level":"info","msg":"Завершён сканер: VerboseErrors, длительность=8565 мс"}
{"ts":"2025-10-30T06:14:20.563109082Z","level":"info","msg":"Завершён сканер: RateLimit, длительность=6275 мс"}
{"ts":"2025-10-30T06:14:30.183102850Z","level":"info","msg":"Завершён сканер: HPP, длительность=17042 мс"}
{"ts":"2025-10-30T06:14:42.674417249Z","level":"info","msg":"Завершён сканер: MethodOverride, длительность=26651 мс"}
{"ts":"2025-10-30T06:15:36.152063372Z","level":"info","msg":"Завершён сканер: Injection, длительность=88981 мс"}
{"ts":"2025-10-30T06:19:00.211060318Z","level":"error","msg":"Ошибка сканера IDOR","error":"java.lang.InterruptedException"}
{"ts":"2025-10-30T06:19:00.213792119Z","level":"info","msg":"Завершён сканер: IDOR, длительность=293062 мс"}
{"ts":"2025-10-30T06:19:04.387285005Z","level":"info","msg":"Сканирование завершено. Эндпоинтов: 65, запросов: 65, длительность: 300286 мс"}
{"ts":"2025-10-30T06:37:52.116237370Z","level":"info","msg":"Начало сканирования: базовый URL=https://vbank.open.bankingapi.ru/, пресет=aggressive"}
{"ts":"2025-10-30T06:37:59.068874480Z","level":"info","msg":"Старт сканера: CORS"}
{"ts":"2025-10-30T06:37:59.071590526Z","level":"info","msg":"Старт сканера: SecurityHeaders"}
{"ts":"2025-10-30T06:37:59.198725149Z","level":"info","msg":"Старт сканера: WeakAuth"}
{"ts":"2025-10-30T06:37:59.202001446Z","level":"info","msg":"Старт сканера: IDOR"}
{"ts":"2025-10-30T06:37:59.204659787Z","level":"info","msg":"Старт сканера: Injection"}
{"ts":"2025-10-30T06:37:59.344119327Z","level":"info","msg":"Старт сканера: ExcessiveData"}
{"ts":"2025-10-30T06:37:59.371706828Z","level":"info","msg":"Завершён сканер: SecurityHeaders, длительность=297 мс"}
{"ts":"2025-10-30T06:37:59.375311154Z","level":"info","msg":"Старт сканера: RateLimit"}
{"ts":"2025-10-30T06:37:59.732747351Z","level":"info","msg":"Завершён сканер: CORS, длительность=663 мс"}
{"ts":"2025-10-30T06:37:59.735091964Z","level":"info","msg":"Старт сканера: MassAssignment"}
{"ts":"2025-10-30T06:41:49.565275556Z","level":"info","msg":"Начало сканирования: базовый URL=https://vbank.open.bankingapi.ru/, пресет=aggressive"}
{"ts":"2025-10-30T06:41:56.831818814Z","level":"info","msg":"Старт сканера: CORS"}
{"ts":"2025-10-30T06:41:56.837851578Z","level":"info","msg":"Старт сканера: WeakAuth"}
{"ts":"2025-10-30T06:41:56.843095568Z","level":"info","msg":"Старт сканера: SecurityHeaders"}
{"ts":"2025-10-30T06:41:56.848342058Z","level":"info","msg":"Старт сканера: ExcessiveData"}
{"ts":"2025-10-30T06:41:56.852835278Z","level":"info","msg":"Старт сканера: Injection"}
{"ts":"2025-10-30T06:41:56.856587829Z","level":"info","msg":"Старт сканера: IDOR"}
{"ts":"2025-10-30T06:41:56.994976960Z","level":"info","msg":"Завершён сканер: SecurityHeaders, длительность=156 мс"}
{"ts":"2025-10-30T06:41:56.998664405Z","level":"info","msg":"Старт сканера: RateLimit"}
{"ts":"2025-10-30T06:41:57.395506187Z","level":"info","msg":"Завершён сканер: CORS, длительность=563 мс"}
{"ts":"2025-10-30T06:41:57.399691678Z","level":"info","msg":"Старт сканера: MassAssignment"}
{"ts":"2025-10-30T06:42:01.555221588Z","level":"info","msg":"Завершён сканер: WeakAuth, длительность=4718 мс"}
{"ts":"2025-10-30T06:42:01.557821031Z","level":"info","msg":"Старт сканера: VerboseErrors"}
{"ts":"2025-10-30T06:42:01.850846737Z","level":"info","msg":"Завершён сканер: MassAssignment, длительность=4452 мс"}
{"ts":"2025-10-30T06:42:01.854234146Z","level":"info","msg":"Старт сканера: BFLA"}
{"ts":"2025-10-30T06:42:03.070145465Z","level":"info","msg":"Завершён сканер: RateLimit, длительность=6072 мс"}
{"ts":"2025-10-30T06:42:03.077785161Z","level":"info","msg":"Старт сканера: HPP"}
{"ts":"2025-10-30T06:42:04.183611738Z","level":"info","msg":"Завершён сканер: BFLA, длительность=2329 мс"}
{"ts":"2025-10-30T06:42:04.187636905Z","level":"info","msg":"Старт сканера: RateLimit"}
{"ts":"2025-10-30T06:42:06.207260840Z","level":"info","msg":"Завершён сканер: ExcessiveData, длительность=9363 мс"}
{"ts":"2025-10-30T06:42:06.210625647Z","level":"info","msg":"Старт сканера: MethodOverride"}
{"ts":"2025-10-30T06:42:10.525040599Z","level":"info","msg":"Завершён сканер: VerboseErrors, длительность=8968 мс"}
{"ts":"2025-10-30T06:42:10.660577495Z","level":"info","msg":"Завершён сканер: RateLimit, длительность=6472 мс"}
{"ts":"2025-10-30T06:42:20.038084408Z","level":"info","msg":"Завершён сканер: HPP, длительность=16960 мс"}
{"ts":"2025-10-30T06:42:32.615749707Z","level":"info","msg":"Завершён сканер: MethodOverride, длительность=26408 мс"}
{"ts":"2025-10-30T06:43:19.116998835Z","level":"info","msg":"Завершён сканер: IDOR, длительность=82284 мс"}
{"ts":"2025-10-30T06:43:25.045176635Z","level":"info","msg":"Завершён сканер: Injection, длительность=88210 мс"}
{"ts":"2025-10-30T06:43:29.294198589Z","level":"info","msg":"Сканирование завершено. Эндпоинтов: 65, запросов: 65, длительность: 95510 мс"}
{"ts":"2025-10-30T07:13:57.487083115Z","level":"info","msg":"Начало сканирования: базовый URL=https://vbank.open.bankingapi.ru/, пресет=aggressive"}
{"ts":"2025-10-30T07:14:04.341612283Z","level":"info","msg":"Старт сканера: CORS"}
{"ts":"2025-10-30T07:14:04.344262233Z","level":"info","msg":"Старт сканера: SecurityHeaders"}
{"ts":"2025-10-30T07:14:04.468462557Z","level":"info","msg":"Старт сканера: WeakAuth"}
{"ts":"2025-10-30T07:14:04.473632045Z","level":"info","msg":"Старт сканера: Injection"}
{"ts":"2025-10-30T07:14:04.478966649Z","level":"info","msg":"Старт сканера: IDOR"}
{"ts":"2025-10-30T07:14:04.490502538Z","level":"info","msg":"Старт сканера: ExcessiveData"}
{"ts":"2025-10-30T07:14:04.512099477Z","level":"info","msg":"Завершён сканер: SecurityHeaders, длительность=164 мс"}
{"ts":"2025-10-30T07:14:04.515254175Z","level":"info","msg":"Старт сканера: RateLimit"}
{"ts":"2025-10-30T07:14:04.916046409Z","level":"info","msg":"Завершён сканер: CORS, длительность=574 мс"}
{"ts":"2025-10-30T07:14:04.919438029Z","level":"info","msg":"Старт сканера: MassAssignment"}
{"ts":"2025-10-30T07:14:09.260081212Z","level":"info","msg":"Завершён сканер: WeakAuth, длительность=4791 мс"}
{"ts":"2025-10-30T07:14:09.264714047Z","level":"info","msg":"Старт сканера: VerboseErrors"}
{"ts":"2025-10-30T07:14:09.399253784Z","level":"info","msg":"Завершён сканер: MassAssignment, длительность=4479 мс"}
{"ts":"2025-10-30T07:14:09.401885331Z","level":"info","msg":"Старт сканера: BFLA"}
{"ts":"2025-10-30T07:14:10.132778779Z","level":"info","msg":"Завершён сканер: RateLimit, длительность=5617 мс"}
{"ts":"2025-10-30T07:14:10.137335207Z","level":"info","msg":"Старт сканера: HPP"}
{"ts":"2025-10-30T07:14:11.263308063Z","level":"info","msg":"Завершён сканер: BFLA, длительность=1861 мс"}
{"ts":"2025-10-30T07:14:11.266278042Z","level":"info","msg":"Старт сканера: RateLimit"}
{"ts":"2025-10-30T07:14:13.094324439Z","level":"info","msg":"Завершён сканер: ExcessiveData, длительность=8618 мс"}
{"ts":"2025-10-30T07:14:13.098233306Z","level":"info","msg":"Старт сканера: MethodOverride"}
{"ts":"2025-10-30T07:14:17.450909057Z","level":"info","msg":"Завершён сканер: RateLimit, длительность=6184 мс"}
{"ts":"2025-10-30T07:14:17.680390346Z","level":"info","msg":"Завершён сканер: VerboseErrors, длительность=8415 мс"}
{"ts":"2025-10-30T07:14:26.646284651Z","level":"info","msg":"Завершён сканер: HPP, длительность=16508 мс"}
{"ts":"2025-10-30T07:14:39.150320444Z","level":"info","msg":"Завершён сканер: MethodOverride, длительность=26054 мс"}
{"ts":"2025-10-30T07:15:26.798304861Z","level":"info","msg":"Завершён сканер: IDOR, длительность=82332 мс"}
{"ts":"2025-10-30T07:15:32.567344265Z","level":"info","msg":"Завершён сканер: Injection, длительность=88100 мс"}
{"ts":"2025-10-30T07:15:36.628476367Z","level":"info","msg":"Сканирование завершено. Эндпоинтов: 65, запросов: 65, длительность: 95100 мс"}
