{"ts":"2025-10-30T06:25:54.299969282Z","level":"info","msg":"Начало сканирования: базовый URL=https://vbank.open.bankingapi.ru/, пресет=fast"}
{"ts":"2025-10-30T06:25:57.529739518Z","level":"info","msg":"Старт сканера: CORS"}
{"ts":"2025-10-30T06:25:57.547586189Z","level":"info","msg":"Старт сканера: WeakAuth"}
{"ts":"2025-10-30T06:25:57.556914631Z","level":"info","msg":"Старт сканера: SecurityHeaders"}
{"ts":"2025-10-30T06:25:57.622901335Z","level":"info","msg":"Старт сканера: IDOR"}
{"ts":"2025-10-30T06:25:57.654884422Z","level":"info","msg":"Старт сканера: Injection"}
{"ts":"2025-10-30T06:25:57.739978916Z","level":"info","msg":"Завершён сканер: SecurityHeaders, длительность=206 мс"}
{"ts":"2025-10-30T06:25:57.742062248Z","level":"info","msg":"Старт сканера: ExcessiveData"}
{"ts":"2025-10-30T06:25:58.150518062Z","level":"info","msg":"Завершён сканер: CORS, длительность=621 мс"}
{"ts":"2025-10-30T06:25:58.159444698Z","level":"info","msg":"Старт сканера: RateLimit"}
{"ts":"2025-10-30T06:25:58.493492780Z","level":"info","msg":"Старт сканера: MassAssignment"}
{"ts":"2025-10-30T06:25:58.780542347Z","level":"info","msg":"Завершён сканер: WeakAuth, длительность=1249 мс"}
{"ts":"2025-10-30T06:25:58.784490807Z","level":"info","msg":"Старт сканера: VerboseErrors"}
{"ts":"2025-10-30T06:25:58.934093483Z","level":"info","msg":"Завершён сканер: MassAssignment, длительность=440 мс"}
{"ts":"2025-10-30T06:25:58.947216682Z","level":"info","msg":"Старт сканера: BFLA"}
{"ts":"2025-10-30T06:25:58.964193541Z","level":"info","msg":"Завершён сканер: RateLimit, длительность=804 мс"}
{"ts":"2025-10-30T06:25:58.970023429Z","level":"info","msg":"Старт сканера: HPP"}
{"ts":"2025-10-30T06:26:00.258540584Z","level":"info","msg":"Завершён сканер: BFLA, длительность=1311 мс"}
{"ts":"2025-10-30T06:26:00.261146395Z","level":"info","msg":"Старт сканера: RateLimit"}
{"ts":"2025-10-30T06:26:04.168607559Z","level":"info","msg":"Завершён сканер: HPP, длительность=5199 мс"}
{"ts":"2025-10-30T06:26:04.172730367Z","level":"info","msg":"Старт сканера: MethodOverride"}
{"ts":"2025-10-30T06:26:04.244474236Z","level":"info","msg":"Завершён сканер: IDOR, длительность=6622 мс"}
{"ts":"2025-10-30T06:26:07.258918872Z","level":"info","msg":"Завершён сканер: ExcessiveData, длительность=9517 мс"}
{"ts":"2025-10-30T06:26:07.744567425Z","level":"info","msg":"Завершён сканер: RateLimit, длительность=7483 мс"}
{"ts":"2025-10-30T06:26:07.754192076Z","level":"info","msg":"Завершён сканер: VerboseErrors, длительность=8969 мс"}
{"ts":"2025-10-30T06:26:10.214186591Z","level":"info","msg":"Завершён сканер: MethodOverride, длительность=6041 мс"}
{"ts":"2025-10-30T06:26:16.047668592Z","level":"info","msg":"Завершён сканер: Injection, длительность=18393 мс"}
{"ts":"2025-10-30T06:26:18.186989396Z","level":"info","msg":"Сканирование завершено. Эндпоинтов: 65, запросов: 65, длительность: 21772 мс"}
